android/app/build/intermediates/manifest_merge_blame_file/debug/processDebugMainManifest/manifest-merger-blame-debug-report.txt
1<?xml version="1.0" encoding="utf-8"?>
2<manifest xmlns:android="http://schemas.android.com/apk/res/android"
3    package="com.haweeinc.lpmi_premium"
4    android:versionCode="6"
5    android:versionName="1.6.0" >
6
7    <uses-sdk
8        android:minSdkVersion="23"
9        android:targetSdkVersion="35" />
10    <!--
11         The INTERNET permission is required for development. Specifically,
12         the Flutter tool needs it to communicate with the running application
13         to allow setting breakpoints, to provide hot reload, etc.
14    -->
15    <uses-permission android:name="android.permission.INTERNET" />
15-->src/main/AndroidManifest.xml:3:5-67
15-->src/main/AndroidManifest.xml:3:22-64
16    <!-- Notification Permissions -->
17    <uses-permission android:name="android.permission.POST_NOTIFICATIONS" />
17-->src/main/AndroidManifest.xml:6:5-77
17-->src/main/AndroidManifest.xml:6:22-74
18    <uses-permission android:name="android.permission.VIBRATE" />
18-->src/main/AndroidManifest.xml:7:5-66
18-->src/main/AndroidManifest.xml:7:22-63
19    <uses-permission android:name="android.permission.RECEIVE_BOOT_COMPLETED" />
19-->src/main/AndroidManifest.xml:8:5-81
19-->src/main/AndroidManifest.xml:8:22-78
20    <!--
21 Required to query activities that can process text, see:
22         https://developer.android.com/training/package-visibility and
23         https://developer.android.com/reference/android/content/Intent#ACTION_PROCESS_TEXT.
24
25         In particular, this is used by the Flutter engine in io.flutter.plugin.text.ProcessTextPlugin.
26    -->
27    <queries>
27-->src/main/AndroidManifest.xml:47:5-52:15
28        <intent>
28-->src/main/AndroidManifest.xml:48:9-51:18
29            <action android:name="android.intent.action.PROCESS_TEXT" />
29-->src/main/AndroidManifest.xml:49:13-72
29-->src/main/AndroidManifest.xml:49:21-70
30
31            <data android:mimeType="text/plain" />
31-->src/main/AndroidManifest.xml:50:13-50
31-->src/main/AndroidManifest.xml:50:19-48
32        </intent>
33    </queries>
34
35    <uses-permission android:name="android.permission.ACCESS_NETWORK_STATE" />
35-->[com.google.firebase:firebase-auth:23.2.0] AndroidManifest.xml:26:5-79
35-->[com.google.firebase:firebase-auth:23.2.0] AndroidManifest.xml:26:22-76
36    <uses-permission android:name="com.google.android.providers.gsf.permission.READ_GSERVICES" />
36-->[com.google.android.recaptcha:recaptcha:18.6.1] AndroidManifest.xml:9:5-98
36-->[com.google.android.recaptcha:recaptcha:18.6.1] AndroidManifest.xml:9:22-95
37
38    <permission
38-->[androidx.core:core:1.13.1] AndroidManifest.xml:22:5-24:47
39        android:name="com.haweeinc.lpmi_premium.DYNAMIC_RECEIVER_NOT_EXPORTED_PERMISSION"
39-->[androidx.core:core:1.13.1] AndroidManifest.xml:23:9-81
40        android:protectionLevel="signature" />
40-->[androidx.core:core:1.13.1] AndroidManifest.xml:24:9-44
41
42    <uses-permission android:name="com.haweeinc.lpmi_premium.DYNAMIC_RECEIVER_NOT_EXPORTED_PERMISSION" />
42-->[androidx.core:core:1.13.1] AndroidManifest.xml:26:5-97
42-->[androidx.core:core:1.13.1] AndroidManifest.xml:26:22-94
43
44    <application
45        android:name="android.app.Application"
46        android:appComponentFactory="androidx.core.app.CoreComponentFactory"
46-->[androidx.core:core:1.13.1] AndroidManifest.xml:28:18-86
47        android:debuggable="true"
48        android:extractNativeLibs="false"
49        android:icon="@mipmap/ic_launcher"
50        android:label="LPMI Premium" >
51        <activity
52            android:name="com.haweeinc.lpmi_premium.MainActivity"
53            android:configChanges="orientation|keyboardHidden|keyboard|screenSize|smallestScreenSize|locale|layoutDirection|fontScale|screenLayout|density|uiMode"
54            android:exported="true"
55            android:hardwareAccelerated="true"
56            android:launchMode="singleTop"
57            android:taskAffinity=""
58            android:theme="@style/LaunchTheme"
59            android:windowSoftInputMode="adjustResize" >
60
61            <!--
62                 Specifies an Android theme to apply to this Activity as soon as
63                 the Android process has started. This theme is visible to the user
64                 while the Flutter UI initializes. After that, this theme continues
65                 to determine the Window background behind the Flutter UI.
66            -->
67            <meta-data
68                android:name="io.flutter.embedding.android.NormalTheme"
69                android:resource="@style/NormalTheme" />
70
71            <intent-filter>
72                <action android:name="android.intent.action.MAIN" />
73
74                <category android:name="android.intent.category.LAUNCHER" />
75            </intent-filter>
76        </activity>
77        <!--
78             Don't delete the meta-data below.
79             This is used by the Flutter tool to generate GeneratedPluginRegistrant.java
80        -->
81        <meta-data
82            android:name="flutterEmbedding"
83            android:value="2" />
84        <!--
85           Declares a provider which allows us to store files to share in
86           '.../caches/share_plus' and grant the receiving action access
87        -->
88        <provider
88-->[:share_plus] AndroidManifest.xml:13:9-21:20
89            android:name="dev.fluttercommunity.plus.share.ShareFileProvider"
89-->[:share_plus] AndroidManifest.xml:14:13-77
90            android:authorities="com.haweeinc.lpmi_premium.flutter.share_provider"
90-->[:share_plus] AndroidManifest.xml:15:13-74
91            android:exported="false"
91-->[:share_plus] AndroidManifest.xml:16:13-37
92            android:grantUriPermissions="true" >
92-->[:share_plus] AndroidManifest.xml:17:13-47
93            <meta-data
93-->[:share_plus] AndroidManifest.xml:18:13-20:68
94                android:name="android.support.FILE_PROVIDER_PATHS"
94-->[:share_plus] AndroidManifest.xml:19:17-67
95                android:resource="@xml/flutter_share_file_paths" />
95-->[:share_plus] AndroidManifest.xml:20:17-65
96        </provider>
97        <!--
98           This manifest declared broadcast receiver allows us to use an explicit
99           Intent when creating a PendingItent to be informed of the user's choice
100        -->
101        <receiver
101-->[:share_plus] AndroidManifest.xml:26:9-32:20
102            android:name="dev.fluttercommunity.plus.share.SharePlusPendingIntent"
102-->[:share_plus] AndroidManifest.xml:27:13-82
103            android:exported="false" >
103-->[:share_plus] AndroidManifest.xml:28:13-37
104            <intent-filter>
104-->[:share_plus] AndroidManifest.xml:29:13-31:29
105                <action android:name="EXTRA_CHOSEN_COMPONENT" />
105-->[:share_plus] AndroidManifest.xml:30:17-65
105-->[:share_plus] AndroidManifest.xml:30:25-62
106            </intent-filter>
107        </receiver>
108
109        <service
109-->[:cloud_firestore] AndroidManifest.xml:8:9-12:19
110            android:name="com.google.firebase.components.ComponentDiscoveryService"
110-->[:cloud_firestore] AndroidManifest.xml:8:18-89
111            android:directBootAware="true"
111-->[com.google.firebase:firebase-common:21.0.0] AndroidManifest.xml:32:13-43
112            android:exported="false" >
112-->[com.google.firebase:firebase-auth:23.2.0] AndroidManifest.xml:68:13-37
113            <meta-data
113-->[:cloud_firestore] AndroidManifest.xml:9:13-11:85
114                android:name="com.google.firebase.components:io.flutter.plugins.firebase.firestore.FlutterFirebaseFirestoreRegistrar"
114-->[:cloud_firestore] AndroidManifest.xml:10:17-134
115                android:value="com.google.firebase.components.ComponentRegistrar" />
115-->[:cloud_firestore] AndroidManifest.xml:11:17-82
116            <meta-data
116-->[:firebase_auth] AndroidManifest.xml:9:13-11:85
117                android:name="com.google.firebase.components:io.flutter.plugins.firebase.auth.FlutterFirebaseAuthRegistrar"
117-->[:firebase_auth] AndroidManifest.xml:10:17-124
118                android:value="com.google.firebase.components.ComponentRegistrar" />
118-->[:firebase_auth] AndroidManifest.xml:11:17-82
119            <meta-data
119-->[:firebase_storage] AndroidManifest.xml:9:13-11:85
120                android:name="com.google.firebase.components:io.flutter.plugins.firebase.storage.FlutterFirebaseAppRegistrar"
120-->[:firebase_storage] AndroidManifest.xml:10:17-126
121                android:value="com.google.firebase.components.ComponentRegistrar" />
121-->[:firebase_storage] AndroidManifest.xml:11:17-82
122            <meta-data
122-->[:firebase_core] AndroidManifest.xml:9:13-11:85
123                android:name="com.google.firebase.components:io.flutter.plugins.firebase.core.FlutterFirebaseCoreRegistrar"
123-->[:firebase_core] AndroidManifest.xml:10:17-124
124                android:value="com.google.firebase.components.ComponentRegistrar" />
124-->[:firebase_core] AndroidManifest.xml:11:17-82
125            <meta-data
125-->[com.google.firebase:firebase-auth:23.2.0] AndroidManifest.xml:69:13-71:85
126                android:name="com.google.firebase.components:com.google.firebase.auth.FirebaseAuthRegistrar"
126-->[com.google.firebase:firebase-auth:23.2.0] AndroidManifest.xml:70:17-109
127                android:value="com.google.firebase.components.ComponentRegistrar" />
127-->[com.google.firebase:firebase-auth:23.2.0] AndroidManifest.xml:71:17-82
128            <meta-data
128-->[com.google.firebase:firebase-firestore:25.1.3] AndroidManifest.xml:17:13-19:85
129                android:name="com.google.firebase.components:com.google.firebase.firestore.FirebaseFirestoreKtxRegistrar"
129-->[com.google.firebase:firebase-firestore:25.1.3] AndroidManifest.xml:18:17-122
130                android:value="com.google.firebase.components.ComponentRegistrar" />
130-->[com.google.firebase:firebase-firestore:25.1.3] AndroidManifest.xml:19:17-82
131            <meta-data
131-->[com.google.firebase:firebase-firestore:25.1.3] AndroidManifest.xml:20:13-22:85
132                android:name="com.google.firebase.components:com.google.firebase.firestore.FirestoreRegistrar"
132-->[com.google.firebase:firebase-firestore:25.1.3] AndroidManifest.xml:21:17-111
133                android:value="com.google.firebase.components.ComponentRegistrar" />
133-->[com.google.firebase:firebase-firestore:25.1.3] AndroidManifest.xml:22:17-82
134            <meta-data
134-->[com.google.firebase:firebase-storage:21.0.1] AndroidManifest.xml:30:13-32:85
135                android:name="com.google.firebase.components:com.google.firebase.storage.FirebaseStorageKtxRegistrar"
135-->[com.google.firebase:firebase-storage:21.0.1] AndroidManifest.xml:31:17-118
136                android:value="com.google.firebase.components.ComponentRegistrar" />
136-->[com.google.firebase:firebase-storage:21.0.1] AndroidManifest.xml:32:17-82
137            <meta-data
137-->[com.google.firebase:firebase-storage:21.0.1] AndroidManifest.xml:33:13-35:85
138                android:name="com.google.firebase.components:com.google.firebase.storage.StorageRegistrar"
138-->[com.google.firebase:firebase-storage:21.0.1] AndroidManifest.xml:34:17-107
139                android:value="com.google.firebase.components.ComponentRegistrar" />
139-->[com.google.firebase:firebase-storage:21.0.1] AndroidManifest.xml:35:17-82
140            <meta-data
140-->[com.google.firebase:firebase-appcheck:18.0.0] AndroidManifest.xml:25:13-27:85
141                android:name="com.google.firebase.components:com.google.firebase.appcheck.FirebaseAppCheckKtxRegistrar"
141-->[com.google.firebase:firebase-appcheck:18.0.0] AndroidManifest.xml:26:17-120
142                android:value="com.google.firebase.components.ComponentRegistrar" />
142-->[com.google.firebase:firebase-appcheck:18.0.0] AndroidManifest.xml:27:17-82
143            <meta-data
143-->[com.google.firebase:firebase-appcheck:18.0.0] AndroidManifest.xml:28:13-30:85
144                android:name="com.google.firebase.components:com.google.firebase.appcheck.FirebaseAppCheckRegistrar"
144-->[com.google.firebase:firebase-appcheck:18.0.0] AndroidManifest.xml:29:17-117
145                android:value="com.google.firebase.components.ComponentRegistrar" />
145-->[com.google.firebase:firebase-appcheck:18.0.0] AndroidManifest.xml:30:17-82
146            <meta-data
146-->[com.google.firebase:firebase-common-ktx:21.0.0] AndroidManifest.xml:12:13-14:85
147                android:name="com.google.firebase.components:com.google.firebase.ktx.FirebaseCommonLegacyRegistrar"
147-->[com.google.firebase:firebase-common-ktx:21.0.0] AndroidManifest.xml:13:17-116
148                android:value="com.google.firebase.components.ComponentRegistrar" />
148-->[com.google.firebase:firebase-common-ktx:21.0.0] AndroidManifest.xml:14:17-82
149            <meta-data
149-->[com.google.firebase:firebase-common:21.0.0] AndroidManifest.xml:35:13-37:85
150                android:name="com.google.firebase.components:com.google.firebase.FirebaseCommonKtxRegistrar"
150-->[com.google.firebase:firebase-common:21.0.0] AndroidManifest.xml:36:17-109
151                android:value="com.google.firebase.components.ComponentRegistrar" />
151-->[com.google.firebase:firebase-common:21.0.0] AndroidManifest.xml:37:17-82
152        </service>
153
154        <activity
154-->[com.google.firebase:firebase-auth:23.2.0] AndroidManifest.xml:29:9-46:20
155            android:name="com.google.firebase.auth.internal.GenericIdpActivity"
155-->[com.google.firebase:firebase-auth:23.2.0] AndroidManifest.xml:30:13-80
156            android:excludeFromRecents="true"
156-->[com.google.firebase:firebase-auth:23.2.0] AndroidManifest.xml:31:13-46
157            android:exported="true"
157-->[com.google.firebase:firebase-auth:23.2.0] AndroidManifest.xml:32:13-36
158            android:launchMode="singleTask"
158-->[com.google.firebase:firebase-auth:23.2.0] AndroidManifest.xml:33:13-44
159            android:theme="@android:style/Theme.Translucent.NoTitleBar" >
159-->[com.google.firebase:firebase-auth:23.2.0] AndroidManifest.xml:34:13-72
160            <intent-filter>
160-->[com.google.firebase:firebase-auth:23.2.0] AndroidManifest.xml:35:13-45:29
161                <action android:name="android.intent.action.VIEW" />
161-->[com.google.firebase:firebase-auth:23.2.0] AndroidManifest.xml:36:17-69
161-->[com.google.firebase:firebase-auth:23.2.0] AndroidManifest.xml:36:25-66
162
163                <category android:name="android.intent.category.DEFAULT" />
163-->[com.google.firebase:firebase-auth:23.2.0] AndroidManifest.xml:38:17-76
163-->[com.google.firebase:firebase-auth:23.2.0] AndroidManifest.xml:38:27-73
164                <category android:name="android.intent.category.BROWSABLE" />
164-->[com.google.firebase:firebase-auth:23.2.0] AndroidManifest.xml:39:17-78
164-->[com.google.firebase:firebase-auth:23.2.0] AndroidManifest.xml:39:27-75
165
166                <data
166-->src/main/AndroidManifest.xml:50:13-50
167                    android:host="firebase.auth"
168                    android:path="/"
169                    android:scheme="genericidp" />
170            </intent-filter>
171        </activity>
172        <activity
172-->[com.google.firebase:firebase-auth:23.2.0] AndroidManifest.xml:47:9-64:20
173            android:name="com.google.firebase.auth.internal.RecaptchaActivity"
173-->[com.google.firebase:firebase-auth:23.2.0] AndroidManifest.xml:48:13-79
174            android:excludeFromRecents="true"
174-->[com.google.firebase:firebase-auth:23.2.0] AndroidManifest.xml:49:13-46
175            android:exported="true"
175-->[com.google.firebase:firebase-auth:23.2.0] AndroidManifest.xml:50:13-36
176            android:launchMode="singleTask"
176-->[com.google.firebase:firebase-auth:23.2.0] AndroidManifest.xml:51:13-44
177            android:theme="@android:style/Theme.Translucent.NoTitleBar" >
177-->[com.google.firebase:firebase-auth:23.2.0] AndroidManifest.xml:52:13-72
178            <intent-filter>
178-->[com.google.firebase:firebase-auth:23.2.0] AndroidManifest.xml:53:13-63:29
179                <action android:name="android.intent.action.VIEW" />
179-->[com.google.firebase:firebase-auth:23.2.0] AndroidManifest.xml:36:17-69
179-->[com.google.firebase:firebase-auth:23.2.0] AndroidManifest.xml:36:25-66
180
181                <category android:name="android.intent.category.DEFAULT" />
181-->[com.google.firebase:firebase-auth:23.2.0] AndroidManifest.xml:38:17-76
181-->[com.google.firebase:firebase-auth:23.2.0] AndroidManifest.xml:38:27-73
182                <category android:name="android.intent.category.BROWSABLE" />
182-->[com.google.firebase:firebase-auth:23.2.0] AndroidManifest.xml:39:17-78
182-->[com.google.firebase:firebase-auth:23.2.0] AndroidManifest.xml:39:27-75
183
184                <data
184-->src/main/AndroidManifest.xml:50:13-50
185                    android:host="firebase.auth"
186                    android:path="/"
187                    android:scheme="recaptcha" />
188            </intent-filter>
189        </activity>
190
191        <provider
191-->[:image_picker_android] AndroidManifest.xml:9:9-17:20
192            android:name="io.flutter.plugins.imagepicker.ImagePickerFileProvider"
192-->[:image_picker_android] AndroidManifest.xml:10:13-82
193            android:authorities="com.haweeinc.lpmi_premium.flutter.image_provider"
193-->[:image_picker_android] AndroidManifest.xml:11:13-74
194            android:exported="false"
194-->[:image_picker_android] AndroidManifest.xml:12:13-37
195            android:grantUriPermissions="true" >
195-->[:image_picker_android] AndroidManifest.xml:13:13-47
196            <meta-data
196-->[:share_plus] AndroidManifest.xml:18:13-20:68
197                android:name="android.support.FILE_PROVIDER_PATHS"
197-->[:share_plus] AndroidManifest.xml:19:17-67
198                android:resource="@xml/flutter_image_picker_file_paths" />
198-->[:share_plus] AndroidManifest.xml:20:17-65
199        </provider> <!-- Trigger Google Play services to install the backported photo picker module. -->
200        <service
200-->[:image_picker_android] AndroidManifest.xml:19:9-31:19
201            android:name="com.google.android.gms.metadata.ModuleDependencies"
201-->[:image_picker_android] AndroidManifest.xml:20:13-78
202            android:enabled="false"
202-->[:image_picker_android] AndroidManifest.xml:21:13-36
203            android:exported="false" >
203-->[:image_picker_android] AndroidManifest.xml:22:13-37
204            <intent-filter>
204-->[:image_picker_android] AndroidManifest.xml:24:13-26:29
205                <action android:name="com.google.android.gms.metadata.MODULE_DEPENDENCIES" />
205-->[:image_picker_android] AndroidManifest.xml:25:17-94
205-->[:image_picker_android] AndroidManifest.xml:25:25-91
206            </intent-filter>
207
208            <meta-data
208-->[:image_picker_android] AndroidManifest.xml:28:13-30:36
209                android:name="photopicker_activity:0:required"
209-->[:image_picker_android] AndroidManifest.xml:29:17-63
210                android:value="" />
210-->[:image_picker_android] AndroidManifest.xml:30:17-33
211        </service>
212
213        <activity
213-->[:url_launcher_android] AndroidManifest.xml:8:9-11:74
214            android:name="io.flutter.plugins.urllauncher.WebViewActivity"
214-->[:url_launcher_android] AndroidManifest.xml:9:13-74
215            android:exported="false"
215-->[:url_launcher_android] AndroidManifest.xml:10:13-37
216            android:theme="@android:style/Theme.NoTitleBar.Fullscreen" />
216-->[:url_launcher_android] AndroidManifest.xml:11:13-71
217
218        <service
218-->[androidx.credentials:credentials-play-services-auth:1.2.0-rc01] AndroidManifest.xml:24:9-32:19
219            android:name="androidx.credentials.playservices.CredentialProviderMetadataHolder"
219-->[androidx.credentials:credentials-play-services-auth:1.2.0-rc01] AndroidManifest.xml:25:13-94
220            android:enabled="true"
220-->[androidx.credentials:credentials-play-services-auth:1.2.0-rc01] AndroidManifest.xml:26:13-35
221            android:exported="false" >
221-->[androidx.credentials:credentials-play-services-auth:1.2.0-rc01] AndroidManifest.xml:27:13-37
222            <meta-data
222-->[androidx.credentials:credentials-play-services-auth:1.2.0-rc01] AndroidManifest.xml:29:13-31:104
223                android:name="androidx.credentials.CREDENTIAL_PROVIDER_KEY"
223-->[androidx.credentials:credentials-play-services-auth:1.2.0-rc01] AndroidManifest.xml:30:17-76
224                android:value="androidx.credentials.playservices.CredentialProviderPlayServicesImpl" />
224-->[androidx.credentials:credentials-play-services-auth:1.2.0-rc01] AndroidManifest.xml:31:17-101
225        </service>
226
227        <activity
227-->[androidx.credentials:credentials-play-services-auth:1.2.0-rc01] AndroidManifest.xml:34:9-41:20
228            android:name="androidx.credentials.playservices.HiddenActivity"
228-->[androidx.credentials:credentials-play-services-auth:1.2.0-rc01] AndroidManifest.xml:35:13-76
229            android:configChanges="orientation|screenSize|screenLayout|keyboardHidden"
229-->[androidx.credentials:credentials-play-services-auth:1.2.0-rc01] AndroidManifest.xml:36:13-87
230            android:enabled="true"
230-->[androidx.credentials:credentials-play-services-auth:1.2.0-rc01] AndroidManifest.xml:37:13-35
231            android:exported="false"
231-->[androidx.credentials:credentials-play-services-auth:1.2.0-rc01] AndroidManifest.xml:38:13-37
232            android:fitsSystemWindows="true"
232-->[androidx.credentials:credentials-play-services-auth:1.2.0-rc01] AndroidManifest.xml:39:13-45
233            android:theme="@style/Theme.Hidden" >
233-->[androidx.credentials:credentials-play-services-auth:1.2.0-rc01] AndroidManifest.xml:40:13-48
234        </activity>
235        <activity
235-->[com.google.android.gms:play-services-auth:20.7.0] AndroidManifest.xml:23:9-27:75
236            android:name="com.google.android.gms.auth.api.signin.internal.SignInHubActivity"
236-->[com.google.android.gms:play-services-auth:20.7.0] AndroidManifest.xml:24:13-93
237            android:excludeFromRecents="true"
237-->[com.google.android.gms:play-services-auth:20.7.0] AndroidManifest.xml:25:13-46
238            android:exported="false"
238-->[com.google.android.gms:play-services-auth:20.7.0] AndroidManifest.xml:26:13-37
239            android:theme="@android:style/Theme.Translucent.NoTitleBar" />
239-->[com.google.android.gms:play-services-auth:20.7.0] AndroidManifest.xml:27:13-72
240        <!--
241            Service handling Google Sign-In user revocation. For apps that do not integrate with
242            Google Sign-In, this service will never be started.
243        -->
244        <service
244-->[com.google.android.gms:play-services-auth:20.7.0] AndroidManifest.xml:33:9-37:51
245            android:name="com.google.android.gms.auth.api.signin.RevocationBoundService"
245-->[com.google.android.gms:play-services-auth:20.7.0] AndroidManifest.xml:34:13-89
246            android:exported="true"
246-->[com.google.android.gms:play-services-auth:20.7.0] AndroidManifest.xml:35:13-36
247            android:permission="com.google.android.gms.auth.api.signin.permission.REVOCATION_NOTIFICATION"
247-->[com.google.android.gms:play-services-auth:20.7.0] AndroidManifest.xml:36:13-107
248            android:visibleToInstantApps="true" />
248-->[com.google.android.gms:play-services-auth:20.7.0] AndroidManifest.xml:37:13-48
249
250        <provider
250-->[com.google.firebase:firebase-common:21.0.0] AndroidManifest.xml:23:9-28:39
251            android:name="com.google.firebase.provider.FirebaseInitProvider"
251-->[com.google.firebase:firebase-common:21.0.0] AndroidManifest.xml:24:13-77
252            android:authorities="com.haweeinc.lpmi_premium.firebaseinitprovider"
252-->[com.google.firebase:firebase-common:21.0.0] AndroidManifest.xml:25:13-72
253            android:directBootAware="true"
253-->[com.google.firebase:firebase-common:21.0.0] AndroidManifest.xml:26:13-43
254            android:exported="false"
254-->[com.google.firebase:firebase-common:21.0.0] AndroidManifest.xml:27:13-37
255            android:initOrder="100" />
255-->[com.google.firebase:firebase-common:21.0.0] AndroidManifest.xml:28:13-36
256
257        <activity
257-->[com.google.android.gms:play-services-base:18.1.0] AndroidManifest.xml:20:9-22:45
258            android:name="com.google.android.gms.common.api.GoogleApiActivity"
258-->[com.google.android.gms:play-services-base:18.1.0] AndroidManifest.xml:20:19-85
259            android:exported="false"
259-->[com.google.android.gms:play-services-base:18.1.0] AndroidManifest.xml:22:19-43
260            android:theme="@android:style/Theme.Translucent.NoTitleBar" />
260-->[com.google.android.gms:play-services-base:18.1.0] AndroidManifest.xml:21:19-78
261
262        <provider
262-->[androidx.lifecycle:lifecycle-process:2.7.0] AndroidManifest.xml:24:9-32:20
263            android:name="androidx.startup.InitializationProvider"
263-->[androidx.lifecycle:lifecycle-process:2.7.0] AndroidManifest.xml:25:13-67
264            android:authorities="com.haweeinc.lpmi_premium.androidx-startup"
264-->[androidx.lifecycle:lifecycle-process:2.7.0] AndroidManifest.xml:26:13-68
265            android:exported="false" >
265-->[androidx.lifecycle:lifecycle-process:2.7.0] AndroidManifest.xml:27:13-37
266            <meta-data
266-->[androidx.lifecycle:lifecycle-process:2.7.0] AndroidManifest.xml:29:13-31:52
267                android:name="androidx.lifecycle.ProcessLifecycleInitializer"
267-->[androidx.lifecycle:lifecycle-process:2.7.0] AndroidManifest.xml:30:17-78
268                android:value="androidx.startup" />
268-->[androidx.lifecycle:lifecycle-process:2.7.0] AndroidManifest.xml:31:17-49
269            <meta-data
269-->[androidx.profileinstaller:profileinstaller:1.3.1] AndroidManifest.xml:29:13-31:52
270                android:name="androidx.profileinstaller.ProfileInstallerInitializer"
270-->[androidx.profileinstaller:profileinstaller:1.3.1] AndroidManifest.xml:30:17-85
271                android:value="androidx.startup" />
271-->[androidx.profileinstaller:profileinstaller:1.3.1] AndroidManifest.xml:31:17-49
272        </provider>
273
274        <uses-library
274-->[androidx.window:window:1.2.0] AndroidManifest.xml:23:9-25:40
275            android:name="androidx.window.extensions"
275-->[androidx.window:window:1.2.0] AndroidManifest.xml:24:13-54
276            android:required="false" />
276-->[androidx.window:window:1.2.0] AndroidManifest.xml:25:13-37
277        <uses-library
277-->[androidx.window:window:1.2.0] AndroidManifest.xml:26:9-28:40
278            android:name="androidx.window.sidecar"
278-->[androidx.window:window:1.2.0] AndroidManifest.xml:27:13-51
279            android:required="false" />
279-->[androidx.window:window:1.2.0] AndroidManifest.xml:28:13-37
280
281        <meta-data
281-->[com.google.android.gms:play-services-basement:18.4.0] AndroidManifest.xml:6:9-122
282            android:name="com.google.android.gms.version"
282-->[com.google.android.gms:play-services-basement:18.4.0] AndroidManifest.xml:6:20-65
283            android:value="@integer/google_play_services_version" />
283-->[com.google.android.gms:play-services-basement:18.4.0] AndroidManifest.xml:6:66-119
284
285        <receiver
285-->[androidx.profileinstaller:profileinstaller:1.3.1] AndroidManifest.xml:34:9-52:20
286            android:name="androidx.profileinstaller.ProfileInstallReceiver"
286-->[androidx.profileinstaller:profileinstaller:1.3.1] AndroidManifest.xml:35:13-76
287            android:directBootAware="false"
287-->[androidx.profileinstaller:profileinstaller:1.3.1] AndroidManifest.xml:36:13-44
288            android:enabled="true"
288-->[androidx.profileinstaller:profileinstaller:1.3.1] AndroidManifest.xml:37:13-35
289            android:exported="true"
289-->[androidx.profileinstaller:profileinstaller:1.3.1] AndroidManifest.xml:38:13-36
290            android:permission="android.permission.DUMP" >
290-->[androidx.profileinstaller:profileinstaller:1.3.1] AndroidManifest.xml:39:13-57
291            <intent-filter>
291-->[androidx.profileinstaller:profileinstaller:1.3.1] AndroidManifest.xml:40:13-42:29
292                <action android:name="androidx.profileinstaller.action.INSTALL_PROFILE" />
292-->[androidx.profileinstaller:profileinstaller:1.3.1] AndroidManifest.xml:41:17-91
292-->[androidx.profileinstaller:profileinstaller:1.3.1] AndroidManifest.xml:41:25-88
293            </intent-filter>
294            <intent-filter>
294-->[androidx.profileinstaller:profileinstaller:1.3.1] AndroidManifest.xml:43:13-45:29
295                <action android:name="androidx.profileinstaller.action.SKIP_FILE" />
295-->[androidx.profileinstaller:profileinstaller:1.3.1] AndroidManifest.xml:44:17-85
295-->[androidx.profileinstaller:profileinstaller:1.3.1] AndroidManifest.xml:44:25-82
296            </intent-filter>
297            <intent-filter>
297-->[androidx.profileinstaller:profileinstaller:1.3.1] AndroidManifest.xml:46:13-48:29
298                <action android:name="androidx.profileinstaller.action.SAVE_PROFILE" />
298-->[androidx.profileinstaller:profileinstaller:1.3.1] AndroidManifest.xml:47:17-88
298-->[androidx.profileinstaller:profileinstaller:1.3.1] AndroidManifest.xml:47:25-85
299            </intent-filter>
300            <intent-filter>
300-->[androidx.profileinstaller:profileinstaller:1.3.1] AndroidManifest.xml:49:13-51:29
301                <action android:name="androidx.profileinstaller.action.BENCHMARK_OPERATION" />
301-->[androidx.profileinstaller:profileinstaller:1.3.1] AndroidManifest.xml:50:17-95
301-->[androidx.profileinstaller:profileinstaller:1.3.1] AndroidManifest.xml:50:25-92
302            </intent-filter>
303        </receiver> <!-- The activities will be merged into the manifest of the hosting app. -->